2016-09-30 14:50:44,858 [DEBUG] -- >>Checking for Server status
2016-09-30 14:50:45,867 [ERROR] -- Failed: Es konnte keine Verbindung hergestellt werden, da der Zielcomputer die Verbindung verweigerte.
2016-09-30 14:51:50,558 [DEBUG] -- >>Checking for Server status
2016-09-30 14:51:50,809 [INFO] -- Status: 200 OK
2016-09-30 14:51:50,809 [INFO] -- Response: Restservice ist einsatzbereit
2016-09-30 14:51:50,809 [INFO] -- Check done.
2016-09-30 14:55:19,349 [DEBUG] -- >>Searching for "FlurMelderXX"
2016-09-30 14:55:19,371 [INFO] -- Status: 200 OK
2016-09-30 14:55:19,371 [WARNING] -- Response: Not Found
2016-09-30 14:56:00,615 [DEBUG] -- >>Searching for "FlurMelder1"
2016-09-30 14:56:00,641 [INFO] -- Status: 200 OK
2016-09-30 14:56:00,642 [INFO] -- Found Detector: FlurMelder1, Id: 3, Type: 1, State: unknown
2016-09-30 14:56:35,305 [DEBUG] -- >>Searching for "FlurMelder1"
2016-09-30 14:56:35,331 [INFO] -- Status: 200 OK
2016-09-30 14:56:35,331 [INFO] -- Found Detector: FlurMelder1, Id: 3, Type: 1, State: unknown
2016-09-30 14:56:35,331 [DEBUG] -- >>Update for "FlurMelder1"
2016-09-30 14:56:35,331 [INFO] -- Update Id: 3, Type: 1, State: idle
2016-09-30 14:56:35,398 [INFO] -- Status: 200 OK
2016-09-30 14:56:35,398 [INFO] -- Object have been modified
2016-09-30 14:57:28,138 [DEBUG] -- >>Searching for "FlurMelder1"
2016-09-30 14:57:28,164 [INFO] -- Status: 200 OK
2016-09-30 14:57:28,164 [INFO] -- Found Detector: FlurMelder1, Id: 3, Type: 1, State: idle
2016-09-30 14:57:45,579 [DEBUG] -- >>Searching for "FlurMelder1"
2016-09-30 14:57:45,605 [INFO] -- Status: 200 OK
2016-09-30 14:57:45,605 [INFO] -- Found Detector: FlurMelder1, Id: 3, Type: 1, State: idle
2016-09-30 14:57:45,605 [DEBUG] -- Not Modified
2016-09-30 14:58:32,494 [DEBUG] -- >>Searching for "FlurMelderXX"
2016-09-30 14:58:32,516 [INFO] -- Status: 200 OK
2016-09-30 14:58:32,516 [WARNING] -- Response: Not Found
2016-09-30 14:58:32,516 [INFO] -- No name found for "FlurMelderXX"
2016-09-30 15:00:10,915 [DEBUG] -- >>Searching for "FlurMelder1"
2016-09-30 15:00:11,926 [ERROR] -- Failed: Es konnte keine Verbindung hergestellt werden, da der Zielcomputer die Verbindung verweigerte.
2016-09-30 15:00:11,926 [INFO] -- No name found for "FlurMelder1"
2016-09-30 15:00:54,569 [DEBUG] -- >>Checking for Server status
2016-09-30 15:00:55,576 [ERROR] -- Failed: Es konnte keine Verbindung hergestellt werden, da der Zielcomputer die Verbindung verweigerte.
2016-09-30 16:01:32,480 [DEBUG] -- >>Checking for Server status
2016-09-30 16:01:33,500 [ERROR] -- Failed: Es konnte keine Verbindung hergestellt werden, da der Zielcomputer die Verbindung verweigerte.
